<?xml version="1.0" encoding="UTF-8"?>
<testsuite xmlns:xsi="http://www.w3.org/2001/XMLSchema-instance" xsi:schemaLocation="https://maven.apache.org/surefire/maven-surefire-plugin/xsd/surefire-test-report.xsd" name="com.qa.runner.Runner" time="63.686" tests="6" errors="0" skipped="0" failures="0">
  <properties>
[...]
</properties>
  <testcase name="Given Navigate to LEave after log in with Admin user" classname="Scenario: I am able to add, edit and Delete  LeaveType" time="0.004"/>
  <testcase name="When I navigate config and then select Leave Types" classname="Scenario: I am able to add, edit and Delete  LeaveType" time="0"/>
  <testcase name="Then Add the Leave with below field and values and I verify leave is displayed in leave list" classname="Scenario: I am able to add, edit and Delete  LeaveType" time="0"/>
  <testcase name="Then I Edit the Leave type and change below values and I verify verify the leave name is changed to new name" classname="Scenario: I am able to add, edit and Delete  LeaveType" time="0"/>
  <testcase name="And Delete the Newly added Leave Type" classname="Scenario: I am able to add, edit and Delete  LeaveType" time="0"/>
  <testcase name="Scenario: I am able to add, edit and Delete  LeaveType" classname="Scenario: I am able to add, edit and Delete  LeaveType" time="1.082"/>
</testsuite>